[www.moneymakinghomemaker.com/enroll.html]
[backblue.gif]
[fade.gif]
[index.html]
[kajabi-storefronts-production.kajabi-cdn.com/kajabi-storefronts-production/file-uploads/sites/2147536127/images/37a8ef3-e3b5-2c65-c631-1adc124cf3be_CC_Q_Registration_Page_Mockup.jpg]
[kajabi-storefronts-production.kajabi-cdn.com/kajabi-storefronts-production/file-uploads/themes/2155762803/settings_images/841631-87b-2813-5825-1a3fab5710e6_e1896dc9-8fd0-459e-a26a-4df11c52e630.25e1f]
[kajabi-app-assets.kajabi-cdn.com/assets/core-4d08d258547af8a29fc4738e545ca8e26d95e11b829a9db5a0b36d047fb91843.css]
[use.fontawesome.com/releases/v5.8.1/css/all.css]
[kajabi-storefronts-production.kajabi-cdn.com/kajabi-storefronts-production/themes/2158187877/assets/stylesc28c.css]
[www.moneymakinghomemaker.com/index.html]
[www.google-analytics.com/analytics.js]
[www.moneymakinghomemaker.com/rsa.min.js]
[polyfill-fastly.io/v3/polyfill.mina3f6.js]
[a.deadlinefunnel.com/unified/reactunified.bundle402d.js]
[www.moneymakinghomemaker.com/enroll.html]
[kajabi-app-assets.kajabi-cdn.com/assets/core-4d08d258547af8a29fc4738e545ca8e26d95e11b829a9db5a0b36d047fb91843.css]
[use.fontawesome.com/releases/v5.8.1/css/all.css]
[kajabi-storefronts-production.kajabi-cdn.com/kajabi-storefronts-production/themes/2158187877/assets/stylesc28c.css]
[kajabi-storefronts-production.kajabi-cdn.com/kajabi-storefronts-production/themes/2158187877/assets/overridesc28c.css]
[connect.facebook.net/en_US/fbevents.js]
[kajabi-storefronts-production.kajabi-cdn.com/kajabi-storefronts-production/file-uploads/sites/2147536127/images/5c5dbd8-ea8f-a4b7-7e2c-3b1c621ea6ad_c9a6d5c6-d523-4204-b339-a5990a19d37e.jpg]
[kajabi-storefronts-production.kajabi-cdn.com/kajabi-storefronts-production/file-uploads/themes/2155775597/settings_images/f0bc7d-2cd2-1e33-604c-cb8bca66145_Official_Favicon5e1f.png]
[kajabi-storefronts-production.kajabi-cdn.com/kajabi-storefronts-production/themes/2158187441/assets/stylesf38d.css]
[kajabi-storefronts-production.kajabi-cdn.com/kajabi-storefronts-production/file-uploads/themes/2155775597/settings_images/dd4cf4b-1451-b7fd-7865-ff53e6e00f4_MMH_Official_Logo.png]
[www.moneymakinghomemaker.com/login.11.delayed]
[kajabi-storefronts-production.kajabi-cdn.com/kajabi-storefronts-production/file-uploads/themes/2157368881/settings_images/3112fbd-6880-f8ec-6d1a-4c40df2e86_Click_Play_Now_Image.gif]
[kajabi-storefronts-production.kajabi-cdn.com/kajabi-storefronts-production/file-uploads/themes/2155775597/settings_images/c8c3f81-7bf8-783b-3ad3-bc7bc6888_mediamodifier_image_5_.png]
[kajabi-storefronts-production.kajabi-cdn.com/kajabi-storefronts-production/file-uploads/themes/2155719493/settings_images/626efb5-1a07-cee7-aa01-e3f128b72_Arrows_Black_.png]
[kajabi-storefronts-production.kajabi-cdn.com/kajabi-storefronts-production/file-uploads/themes/2155719493/settings_images/de8ae4-758d-2766-6dcf-4333a3beba6c_Beige_Brown_Bold_Neutral_Quote_Photo_Frame]
[fast.wistia.com/assets/external/E-v1.js]
[kajabi-storefronts-production.kajabi-cdn.com/kajabi-storefronts-production/file-uploads/themes/2155719493/settings_images/6a8ec2-34bb-52d4-540-8a2a6bb5e740_4deeb42c-03ed-456b-a463-40394b98bc4f.16.del]
[kajabi-storefronts-production.kajabi-cdn.com/kajabi-storefronts-production/file-uploads/themes/2155775597/settings_images/1411ba-ba1-daaf-fa32-82b653ecbe78_fd5b8265-8b4c-466b-b9b7-93a41d41303a.17.del]
[kajabi-storefronts-production.kajabi-cdn.com/kajabi-storefronts-production/file-uploads/themes/2155775597/settings_images/afbe4eb-4ae-3033-04be-7f1ccf880_fd5b8265-8b4c-466b-b9b7-93a41d41303a.18.delay]
[fast.wistia.com/labs/crop-fill/plugin.js]
[kajabi-app-assets.kajabi-cdn.com/assets/encore_core-f4735cadef603151d28ba781c6a9b7e0fbd3e895347360bf76166481afeacf15.js]
[www.moneymakinghomemaker.com/index.html]
[www.moneymakinghomemaker.com/rsa.min.html]
[kajabi-storefronts-production.kajabi-cdn.com/kajabi-storefronts-production/themes/2158187441/assets/scriptsf38d.js]
[www.moneymakinghomemaker.com/a.1d.delayed]
[www.moneymakinghomemaker.com/POST]
[www.moneymakinghomemaker.com/b.resolvedLink]
[www.moneymakinghomemaker.com/signals/iwl.js]
[connect.facebook.net/en_US/fbevents.js]
[kajabi-storefronts-production.kajabi-cdn.com/kajabi-storefronts-production/themes/2158187441/assets/stylesf38d.css]
[kajabi-storefronts-production.kajabi-cdn.com/kajabi-storefronts-production/themes/2158187441/assets/overridesf38d.css]
[www.moneymakinghomemaker.com/login.html]
[www.moneymakinghomemaker.com/schema.org/index.html]
[www.moneymakinghomemaker.com/a.html]
[www.moneymakinghomemaker.com/POST.html]
[www.moneymakinghomemaker.com/schema.org/index.html]
[www.moneymakinghomemaker.com/b.html]
[www.moneymakinghomemaker.com/signals/iwl.html]
